=============================
DateTime: 19.01.2020 15:31:25
Log data: 
Не найден класс - index
=============================

=============================
DateTime: 19.01.2020 15:31:13
Log data: 
Не найден класс - index
=============================

=============================
DateTime: 19.01.2020 15:30:19
Log data: 
Не найден класс - index
=============================

=============================
DateTime: 19.01.2020 14:33:32
Log data: 
Не найден класс - index
=============================

=============================
DateTime: 19.01.2020 14:33:11
Log data: 
Не найден класс - 
=============================

=============================
DateTime: 19.01.2020 14:32:28
Log data: 
Не найден класс - index
=============================

=============================
DateTime: 19.01.2020 14:31:47
Log data: 
Не найден класс - index
=============================

