=============================
DateTime: 07.02.2020 17:06:57
Log data: 
Неопределенный маршрут -  / 
=============================

=============================
DateTime: 07.02.2020 17:06:57
Log data: 
Неопределенный маршрут - DEFAULT_URL_NAME/DEFAULT_ACTION_NAME
=============================

=============================
DateTime: 07.02.2020 14:31:53
Log data: 
Неопределенный маршрут -  / 
=============================

=============================
DateTime: 07.02.2020 14:31:53
Log data: 
Неопределенный маршрут - DEFAULT_URL_NAME/DEFAULT_ACTION_NAME
=============================

=============================
DateTime: 07.02.2020 12:17:33
Log data: 
Неопределенный маршрут -  / 
=============================

=============================
DateTime: 07.02.2020 12:17:33
Log data: 
Неопределенный маршрут - DEFAULT_URL_NAME/DEFAULT_ACTION_NAME
=============================

=============================
DateTime: 07.02.2020 12:16:07
Log data: 
Неопределенный маршрут -  / 
=============================

=============================
DateTime: 07.02.2020 12:16:07
Log data: 
Неопределенный маршрут - DEFAULT_URL_NAME/DEFAULT_ACTION_NAME
=============================

=============================
DateTime: 07.02.2020 12:15:43
Log data: 
Неопределенный маршрут -  / 
=============================

=============================
DateTime: 07.02.2020 12:15:43
Log data: 
Неопределенный маршрут - DEFAULT_URL_NAME/DEFAULT_ACTION_NAME
=============================

=============================
DateTime: 20.01.2020 08:56:45
Log data: 
Неопределенный маршрут - default_uri/routes_show
=============================

=============================
DateTime: 20.01.2020 08:56:40
Log data: 
Неопределенный маршрут - default_uri/routes_show
=============================

=============================
DateTime: 20.01.2020 08:54:52
Log data: 
Неопределенный маршрут - default_uri/routes_show
=============================

=============================
DateTime: 20.01.2020 08:54:25
Log data: 
Неопределенный маршрут - default_uri/routes_show
=============================

=============================
DateTime: 20.01.2020 08:54:03
Log data: 
Неопределенный маршрут - default_uri/routes_show
=============================

=============================
DateTime: 20.01.2020 08:53:16
Log data: 
Неопределенный маршрут - default_uri/routes_show
=============================

=============================
DateTime: 19.01.2020 17:35:02
Log data: 
Неопределенный маршрут - default_uri/routes_show
=============================

=============================
DateTime: 19.01.2020 16:49:48
Log data: 
Неопределенный маршрут - default_uri/routes_show
=============================

=============================
DateTime: 19.01.2020 16:49:41
Log data: 
Неопределенный маршрут - default_uri/routes_show
=============================

=============================
DateTime: 19.01.2020 16:49:37
Log data: 
Неопределенный маршрут - default_uri/routes_show
=============================

=============================
DateTime: 19.01.2020 15:55:47
Log data: 
Неопределенный маршрут - user/get_us
=============================

=============================
DateTime: 19.01.2020 15:53:29
Log data: 
Неопределенный маршрут - user/get_us
=============================

=============================
DateTime: 19.01.2020 15:45:21
Log data: 
Неопределенный маршрут - user/get_us
=============================

=============================
DateTime: 19.01.2020 15:39:23
Log data: 
Неопределенный маршрут - user/get_us
=============================



